<?xml version="1.0" encoding="UTF-8"?>
<testsuites name="jest tests" tests="11" failures="0" errors="0" time="3.023">
  <testsuite name="IPCHandler" errors="0" failures="0" skipped="0" timestamp="2023-08-21T11:50:56" time="1.625" tests="11">
    <testcase classname="IPCHandler IPCHandler:on should add a listener when on is called" name="IPCHandler IPCHandler:on should add a listener when on is called" time="0.005">
    </testcase>
    <testcase classname="IPCHandler IPCHandler:once should add a listener that only triggers once when once is called" name="IPCHandler IPCHandler:once should add a listener that only triggers once when once is called" time="0.002">
    </testcase>
    <testcase classname="IPCHandler IPCHandler:emit should emit function sends message via postMessage" name="IPCHandler IPCHandler:emit should emit function sends message via postMessage" time="0.004">
    </testcase>
    <testcase classname="IPCHandler IPCHandler:request should request function emits request and registers one-time listener for response" name="IPCHandler IPCHandler:request should request function emits request and registers one-time listener for response" time="0.005">
    </testcase>
    <testcase classname="IPCHandler IPCHandler:request should request generates a requestId and adds it to the request parameters" name="IPCHandler IPCHandler:request should request generates a requestId and adds it to the request parameters" time="0.006">
    </testcase>
    <testcase classname="IPCHandler IPCHandler:request should request resolve in case of status is success" name="IPCHandler IPCHandler:request should request resolve in case of status is success" time="0.017">
    </testcase>
    <testcase classname="IPCHandler IPCHandler:request should request reject in case of status is error" name="IPCHandler IPCHandler:request should request reject in case of status is error" time="0.02">
    </testcase>
    <testcase classname="IPCHandler IPCHandler:initListener should register a message topic listener on chrome.webview with initListener" name="IPCHandler IPCHandler:initListener should register a message topic listener on chrome.webview with initListener" time="0.002">
    </testcase>
    <testcase classname="IPCHandler IPCHandler:_onMessage _onMessage triggers registered callbacks with correct arguments" name="IPCHandler IPCHandler:_onMessage _onMessage triggers registered callbacks with correct arguments" time="0.002">
    </testcase>
    <testcase classname="IPCHandler IPCHandler:_onMessage _onMessage removes once listener after first trigger" name="IPCHandler IPCHandler:_onMessage _onMessage removes once listener after first trigger" time="0.004">
    </testcase>
    <testcase classname="IPCHandler IPCHandler:_addListener _addListener adds listener object to listeners" name="IPCHandler IPCHandler:_addListener _addListener adds listener object to listeners" time="0.004">
    </testcase>
  </testsuite>
</testsuites>