<?xml version="1.0" encoding="UTF-8"?>
<testsuites name="jest tests" tests="7" failures="0" errors="0" time="7.541">
  <testsuite name="Main class" errors="0" failures="0" skipped="0" timestamp="2023-05-25T06:19:43" time="5.764" tests="7">
    <testcase classname="Main class should listen to authenticate eveent" name="Main class should listen to authenticate eveent" time="0.086">
    </testcase>
    <testcase classname="Main class should listen to the browser extension events" name="Main class should listen to the browser extension events" time="0.022">
    </testcase>
    <testcase classname="Main class should initialize the local storage and post a message" name="Main class should initialize the local storage and post a message" time="0.106">
    </testcase>
    <testcase classname="Main class should not initialize the local storage if user exist and post a message" name="Main class should not initialize the local storage if user exist and post a message" time="0.085">
    </testcase>
    <testcase classname="Main class should send an event when localstorage is updated" name="Main class should send an event when localstorage is updated" time="0.012">
    </testcase>
    <testcase classname="Main class should send an event when localstorage is delete" name="Main class should send an event when localstorage is delete" time="0.008">
    </testcase>
    <testcase classname="Main class should send an event when localstorage is cleared" name="Main class should send an event when localstorage is cleared" time="0.015">
    </testcase>
  </testsuite>
</testsuites>