<?xml version="1.0" encoding="UTF-8"?>
<testsuites name="jest tests" tests="7" failures="0" errors="0" time="11.027">
  <testsuite name="DesktopAuthenticateController" errors="0" failures="0" skipped="6" timestamp="2023-06-15T06:05:59" time="8.265" tests="7">
    <testcase classname="DesktopAuthenticateController DesktopAuthenticateController DesktopAuthenticateController:_exec should post message with USER_LOGGED_IN topic if exec succeeds and return config" name="DesktopAuthenticateController DesktopAuthenticateController DesktopAuthenticateController:_exec should post message with USER_LOGGED_IN topic if exec succeeds and return config" time="0">
      <skipped/>
    </testcase>
    <testcase classname="DesktopAuthenticateController DesktopAuthenticateController DesktopAuthenticateController:_exec should post message with ERROR topic and error message if exec fails" name="DesktopAuthenticateController DesktopAuthenticateController DesktopAuthenticateController:_exec should post message with ERROR topic and error message if exec fails" time="0">
      <skipped/>
    </testcase>
    <testcase classname="DesktopAuthenticateController DesktopAuthenticateController DesktopAuthenticateController:exec should initiate configuration" name="DesktopAuthenticateController DesktopAuthenticateController DesktopAuthenticateController:exec should initiate configuration" time="0">
      <skipped/>
    </testcase>
    <testcase classname="DesktopAuthenticateController DesktopAuthenticateController DesktopAuthenticateController:exec should build apiclientoptions with GetLegacyAccountService" name="DesktopAuthenticateController DesktopAuthenticateController DesktopAuthenticateController:exec should build apiclientoptions with GetLegacyAccountService" time="0">
      <skipped/>
    </testcase>
    <testcase classname="DesktopAuthenticateController DesktopAuthenticateController DesktopAuthenticateController:exec should check and validate the passphrase" name="DesktopAuthenticateController DesktopAuthenticateController DesktopAuthenticateController:exec should check and validate the passphrase" time="0">
      <skipped/>
    </testcase>
    <testcase classname="DesktopAuthenticateController DesktopAuthenticateController DesktopAuthenticateController:exec should login and persist the passphrase" name="DesktopAuthenticateController DesktopAuthenticateController DesktopAuthenticateController:exec should login and persist the passphrase" time="0">
      <skipped/>
    </testcase>
    <testcase classname="DesktopAuthenticateController DesktopAuthenticateController DesktopAuthenticateController:exec should return passbolt data without sensible data inside" name="DesktopAuthenticateController DesktopAuthenticateController DesktopAuthenticateController:exec should return passbolt data without sensible data inside" time="0.443">
    </testcase>
  </testsuite>
</testsuites>